"../../../Engine/Content/EditorResources/S_Actor.uasset" 0
"../../../Engine/Content/EngineFonts/Roboto.uasset" 1
"../../../Engine/Content/Functions/Engine_MaterialFunctions01/Shading/PowerToRoughness.uasset" 2
"../../../Engine/Content/Functions/Engine_MaterialFunctions01/Shading/ConvertFromDiffSpec.uasset" 3
"../../../Engine/Content/EngineMaterials/DefaultDiffuse.uasset" 4
"../../../Engine/Content/EngineMaterials/DefaultDeferredDecalMaterial.uasset" 5
"../../../Engine/Content/EngineMaterials/DefaultLightFunctionMaterial.uasset" 6
"../../../Engine/Content/Functions/Engine_MaterialFunctions02/Utility/BreakOutFloat2Components.uasset" 7
"../../../Engine/Content/EngineMaterials/DefaultPostProcessMaterial.uasset" 8
"../../../Engine/Content/EngineResources/DefaultTexture.uasset" 9
"../../../Engine/Content/Functions/Engine_MaterialFunctions01/Texturing/ScaleUVsByCenter.uasset" 10
"../../../Engine/Content/Functions/Engine_MaterialFunctions02/ScreenResolution.uasset" 11
"../../../Engine/Content/Functions/Engine_MaterialFunctions02/Texturing/ScreenAlignedUVs.uasset" 12
"../../../Engine/Content/EngineResources/WhiteSquareTexture.uasset" 13
"../../../Engine/Content/EngineMaterials/Widget3DPassThrough.uasset" 14
"../../../Engine/Content/EngineMaterials/Widget3DPassThrough_Translucent.uasset" 15
"../../../Engine/Content/EngineMaterials/Widget3DPassThrough_Translucent_OneSided.uasset" 16
"../../../Engine/Content/EngineMaterials/Widget3DPassThrough_Opaque.uasset" 17
"../../../Engine/Content/EngineMaterials/Widget3DPassThrough_Opaque_OneSided.uasset" 18
"../../../Engine/Content/EngineMaterials/Widget3DPassThrough_Masked.uasset" 19
"../../../Engine/Content/EngineMaterials/Widget3DPassThrough_Masked_OneSided.uasset" 20
"../../../Engine/Content/Maps/Templates/Thumbnails/Default.uasset" 21
"../../../Engine/Content/EditorMaterials/ParticleSystems/PSysThumbnail_NoImage.uasset" 22
"../../../Engine/Content/EditorMaterials/ParticleSystems/PSysThumbnail_OOD.uasset" 23
"../../../Engine/Content/EditorLandscapeResources/DataLayer.uasset" 24
"../../../Engine/Content/EngineDamageTypes/DmgTypeBP_Environmental.uasset" 25
"../../../Engine/Content/EngineMeshes/Sphere.uasset" 26
"../../../Engine/Content/EngineFonts/RobotoDistanceField.uasset" 27
"../../../Engine/Content/EngineMaterials/DefaultTextMaterialOpaque.uasset" 28
"../../../Engine/Content/EditorResources/S_Trigger.uasset" 29
"../../../Engine/Content/EngineResources/GradientTexture0.uasset" 30
"../../../Engine/Content/EngineResources/Black.uasset" 31
"../../../Engine/Content/EditorMaterials/MatineeGroups/MAT_Groups_Float.uasset" 32
"../../../Engine/Content/EditorMaterials/MatineeGroups/MAT_Groups_Director.uasset" 33
"../../../Engine/Content/EditorMaterials/MatineeGroups/MAT_Groups_Event.uasset" 34
"../../../Engine/Content/EditorMaterials/MatineeGroups/MAT_Groups_Anim.uasset" 35
"../../../Engine/Content/EditorMaterials/MatineeGroups/MAT_Groups_Fade.uasset" 36
"../../../Engine/Content/EditorMaterials/MatineeGroups/MAT_Groups_Move.uasset" 37
"../../../Engine/Content/EditorMaterials/MatineeGroups/MAT_Groups_Slomo.uasset" 38
"../../../Engine/Content/EditorMaterials/MatineeGroups/MAT_ColorTrack.uasset" 39
"../../../Engine/Content/EditorMaterials/MAT_Groups_Toggle.uasset" 40
"../../../Engine/Content/EditorMaterials/MatineeGroups/MAT_Groups_AudioMaster.uasset" 41
"../../../Engine/Content/EditorMaterials/MatineeGroups/MAT_Groups_Sound.uasset" 42
"../../../Engine/Content/EditorMaterials/MatineeGroups/MAT_Groups_Vector.uasset" 43
"../../../Engine/Content/EditorMaterials/MAT_Groups_Visibility.uasset" 44
"../../../Engine/Content/EngineResources/DefaultTextureCube.uasset" 45
"../../../Engine/Content/Functions/Engine_MaterialFunctions01/Opacity/CameraDepthFade.uasset" 46
"../../../Engine/Content/EngineMaterials/T_Default_Material_Grid_M.uasset" 47
"../../../Engine/Content/EngineMaterials/T_Default_Material_Grid_N.uasset" 48
"../../../Engine/Content/EngineMaterials/DefaultMaterial.uasset" 49
"../../../Engine/Content/EngineMeshes/Cylinder.uasset" 50
"../../../Engine/Content/EngineTireTypes/DefaultTireType.uasset" 51
"../../../Engine/Content/Tutorial/ContentIntroCurve.uasset" 52
"../../../Engine/Plugins/2D/Paper2D/Content/PlaceholderTextures/DummySpriteTexture.uasset" 53
"../../../Engine/Plugins/2D/Paper2D/Content/DefaultSpriteMaterial.uasset" 54
"../../../Engine/Plugins/2D/Paper2D/Content/MaskedUnlitSpriteMaterial.uasset" 55
"../../../Engine/Plugins/2D/Paper2D/Content/OpaqueUnlitSpriteMaterial.uasset" 56
"../../../Engine/Plugins/2D/Paper2D/Content/DummySprite.uasset" 57
"../../../Engine/Plugins/2D/Paper2D/Content/DefaultPaperTerrainMaterial.uasset" 58
"../../../Engine/Content/EngineMaterials/RemoveSurfaceMaterial.uasset" 59
"../../../Engine/Content/EngineDebugMaterials/DebugMeshMaterial.uasset" 60
"../../../Engine/Content/EngineMaterials/InvalidLightmapSettings.uasset" 61
"../../../Engine/Content/EngineMaterials/M_InvalidLightmapSettings.uasset" 62
"../../../Engine/Content/EditorMaterials/GizmoMaterial.uasset" 63
"../../../Engine/Content/EngineMaterials/Good64x64TilingNoiseHighFreq.uasset" 64
"../../../Engine/Content/EngineMaterials/DefaultBokeh.uasset" 65
"../../../Engine/Content/EngineMaterials/PreintegratedSkinBRDF.uasset" 66
"../../../Engine/Content/EngineMaterials/MiniFont.uasset" 67
"../../../Engine/Content/EngineMaterials/WeightMapPlaceholderTexture.uasset" 68
"../../../Engine/Content/EngineMaterials/DefaultWhiteGrid.uasset" 69
"../../../Engine/Content/EngineMaterials/DefaultPhysicalMaterial.uasset" 70
"../../../Engine/Content/EngineFonts/RobotoTiny.uasset" 71
"../../../Engine/Content/EngineResources/AICON-Red.uasset" 72
"../../../Engine/Content/EngineResources/AICON-Green.uasset" 73
"../../../MrWiggles/Content/Materials/Mat_GreenSphere.uasset" 74
"../../../Engine/Content/BasicShapes/Sphere.uasset" 75
"../../../MrWiggles/Content/Blueprints/BP_VRController.uasset" 76
"../../../MrWiggles/Content/Materials/Mat_WhiteWalls.uasset" 77
"../../../MrWiggles/Content/Blueprints/Mesh_FloorwithHole.uasset" 78
"../../../MrWiggles/Content/Blueprints/mesh_zonder_vloer_StaticMesh.uasset" 79
"../../../Engine/Content/BasicShapes/BasicShapeMaterial.uasset" 80
"../../../MrWiggles/Content/Materials/Mat_Lampje.uasset" 81
"../../../Engine/Content/BasicShapes/Cylinder.uasset" 82
"../../../MrWiggles/Content/Blueprints/BP_Button.uasset" 83
"../../../MrWiggles/Content/Blueprints/WigglesGameMode.uasset" 84
"../../../MrWiggles/Content/Materials/Mat_Cube_Emission.uasset" 85
"../../../Engine/Content/EngineMaterials/WorldGridMaterial.uasset" 86
"../../../Engine/Content/BasicShapes/Cube.uasset" 87
"../../../MrWiggles/Content/Blueprints/BP_Cube.uasset" 88
"../../../MrWiggles/Content/Materials/Mat_Aim2.uasset" 89
"../../../MrWiggles/Content/Materials/Mat_FadeToBlack.uasset" 90
"../../../Engine/Content/EditorMeshes/EditorPlane.uasset" 91
"../../../MrWiggles/Content/Blueprints/VRPawn.uasset" 92
"../../../MrWiggles/Content/Blueprints/NewGameMode.uasset" 93
"../../../MrWiggles/Content/Materials/Mat_Black.uasset" 94
"../../../MrWiggles/Content/Blueprints/testmesh.uasset" 95
"../../../Engine/Content/MobileResources/HUD/MobileHUDDirectionStick.uasset" 96
"../../../MrWiggles/Content/Blueprints/BP_MrWiggleText.uasset" 97
"../../../Engine/Content/MobileResources/HUD/T_Castle_ThumbstickOutter.uasset" 98
"../../../Engine/Content/MobileResources/HUD/MobileHUDButton1_off.uasset" 99
"../../../Engine/Content/MobileResources/HUD/MobileHUDButton3.uasset" 100
"../../../Engine/Content/EditorResources/EmptyActor.uasset" 101
"../../../Engine/Content/EditorResources/AudioIcons/S_AudioComponent_AutoActivate.uasset" 102
"../../../MrWiggles/Content/ShooterGameSounds/InterfaceAudio/Stereo/MenuCursor03_Stereo.uasset" 103
"../../../MrWiggles/Content/ShooterGameSounds/InterfaceAudio/Stereo/MenuCursor02_Stereo.uasset" 104
"../../../MrWiggles/Content/ShooterGameSounds/InterfaceAudio/Stereo/MenuCursor01_Stereo.uasset" 105
"../../../MrWiggles/Content/ShooterGameSounds/AmbientNonLoops/Stereo/MetalCreak_Pillars11_Stereo.uasset" 106
"../../../MrWiggles/Content/ShooterGameSounds/AmbientNonLoops/Stereo/MetalCreak_Pillars01_Stereo.uasset" 107
"../../../MrWiggles/Content/ShooterGameSounds/AmbientNonLoops/Stereo/AmbientCity_TypeC01_Stereo.uasset" 108
"../../../MrWiggles/Content/Materials/Mat_RedSphere.uasset" 109
"../../../MrWiggles/Content/Materials/Mat_DarkFloor.uasset" 110
"../../../Engine/Content/MobileResources/HUD/VirtualJoystick_Background.uasset" 111
"../../../Engine/Content/MobileResources/HUD/VirtualJoystick_Thumb.uasset" 112
"../../../Engine/Content/MobileResources/HUD/LeftVirtualJoystickOnly.uasset" 113
"../../../Engine/Content/MobileResources/HUD/DefaultVirtualJoysticks.uasset" 114
"../../../Engine/Content/MobileResources/HUD/AnalogHat.uasset" 115
"../../../MrWiggles/Content/InfinityBladeGrassLands/Environments/Plains/Env_Plains_Ruins/Textures/T_Plains_Ruins_Pillars_02_D.uasset" 116
"../../../MrWiggles/Content/InfinityBladeGrassLands/Environments/Plains/Env_Plains_Ruins/Textures/T_Plains_Ruins_Pillars_02_N.uasset" 117
"../../../MrWiggles/Content/InfinityBladeGrassLands/Environments/Plains/Env_Plains_Ruins/Materials/M_Plains_Pillars02.uasset" 118
"../../../MrWiggles/Content/InfinityBladeGrassLands/Environments/Plains/Env_Plains_Ruins/StaticMesh/SM_Plains_Castle_Fountain_02.uasset" 119
"../../../MrWiggles/Content/ShowdownVR_Audio/Robot/Robot_Body_L.uasset" 120
"../../../MrWiggles/Content/Materials/Mat_Black_Unlit.uasset" 121
"../../../MrWiggles/Content/Blueprints/Mesh/BP_testzeroG.uasset" 122
"../../../Engine/Content/MobileResources/HUD/T_Castle_ThumbstickInner.uasset" 123
"../../../Engine/Content/Functions/Engine_MaterialFunctions01/Density/ExponentialDensity.uasset" 124
"../../../Engine/Content/Functions/Engine_MaterialFunctions01/Gradient/RadialGradientExponential.uasset" 125
"../../../MrWiggles/Content/Materials/Mat_Aim.uasset" 126
"../../../MrWiggles/Content/Widgets/GUI_Aim.uasset" 127
"../../../MrWiggles/Content/ShowdownVR_Audio/Robot/Robot_Body_R.uasset" 128
"../../../MrWiggles/Content/Materials/Mat_BaitDraai2.uasset" 129
"../../../Engine/Content/MobileResources/HUD/MobileHUDDirectionPad3.uasset" 130
"../../../Engine/Content/MobileResources/HUD/MobileHUDDirectionPad.uasset" 131
"../../../Engine/Content/MobileResources/T_MobileControls_texture.uasset" 132
"../../../Engine/Content/MobileResources/HUD/MobileHUDButton2_off.uasset" 133
"../../../MrWiggles/Content/InfinityBladeGrassLands/Environments/Plains/Env_Plains_Ruins/Textures/T_Plains_Ruins_Pillars_D.uasset" 134
"../../../MrWiggles/Content/InfinityBladeGrassLands/Environments/Plains/Env_Plains_Ruins/Textures/T_Plains_Ruins_Pillars_M.uasset" 135
"../../../MrWiggles/Content/InfinityBladeGrassLands/Environments/Plains/Env_Plains_Ruins/Textures/T_Plains_Ruins_Pillars_N.uasset" 136
"../../../MrWiggles/Content/InfinityBladeGrassLands/Environments/Plains/Env_Plains_Ruins/Materials/M_Plains_Pillars.uasset" 137
"../../../MrWiggles/Content/InfinityBladeGrassLands/Environments/Plains/Env_Plains_Ruins/StaticMesh/SM_Plains_ShortColumn_01.uasset" 138
"../../../Engine/Content/MobileResources/HUD/MobileHUDDirectionPad2.uasset" 139
"../../../Engine/Content/MobileResources/HUD/MobileHUDButton2_on.uasset" 140
"../../../Engine/Content/MobileResources/HUD/MobileHUDButtonFire.uasset" 141
"../../../MrWiggles/Content/InfinityBladeGrassLands/Environments/Misc/Exo_Deco02/Textures/T_Villa_Pillar_1_D.uasset" 142
"../../../MrWiggles/Content/InfinityBladeGrassLands/Environments/Misc/Exo_Deco02/Textures/T_Villa_Pillar_1_D_NRM.uasset" 143
"../../../MrWiggles/Content/InfinityBladeGrassLands/Environments/Misc/Exo_Deco02/Materials/M_Villa_Pillar_1.uasset" 144
"../../../MrWiggles/Content/InfinityBladeGrassLands/Environments/Misc/Exo_Deco02/StaticMesh/SM_Exo_Deco_2.uasset" 145
"../../../Engine/Content/MobileResources/HUD/MobileHUDButton1_on.uasset" 146
"../../../Engine/Content/MobileResources/T_MobileMenu2.uasset" 147
"../../../Engine/Content/EditorMaterials/PhAT_JointLimitMaterial.uasset" 148
"../../../Engine/Content/EditorMaterials/PreviewShadowIndicator.uasset" 149
"../../../Engine/Content/EditorMaterials/PreviewShadowIndicatorMaterial.uasset" 150
"../../../Engine/Content/EditorMeshes/ColorCalibrator/M_ChromeBall.uasset" 151
"../../../Engine/Content/EditorMeshes/ColorCalibrator/M_ClearCoat.uasset" 152
"../../../Engine/Content/EditorMeshes/ColorCalibrator/M_ClearCoatBlack.uasset" 153
"../../../Engine/Content/EditorMeshes/ColorCalibrator/T_ColorGrid.uasset" 154
"../../../Engine/Content/EditorMeshes/ColorCalibrator/M_ColorGrid.uasset" 155
"../../../Engine/Content/EditorMeshes/ColorCalibrator/M_GreyBall.uasset" 156
"../../../Engine/Content/EditorMeshes/ColorCalibrator/SM_ColorCalibrator.uasset" 157
"../../../Engine/Content/EditorResources/BSPVertex.uasset" 158
"../../../Engine/Content/EngineDebugMaterials/HeatmapGradient.uasset" 159
"../../../Engine/Content/EngineDebugMaterials/BoneWeightMaterial.uasset" 160
"../../../Engine/Content/EngineDebugMaterials/GeomMaterial.uasset" 161
"../../../Engine/Content/EngineMaterials/EditorBrushMaterial.uasset" 162
"../../../Engine/Content/EngineMeshes/Cube.uasset" 163
"../../../Engine/Content/Tutorial/Basics/TutorialAssets/icon_tab_Levels_40x.uasset" 164
"../../../Engine/Content/Tutorial/BlueprintTutorials/TutorialAssets/BlueprintInterface_64x.uasset" 165
"../../../Engine/Content/Tutorial/BlueprintTutorials/TutorialAssets/BlueprintMacroLibrary_64x.uasset" 166
"../../../Engine/Content/Tutorial/BlueprintTutorials/TutorialAssets/Blueprint_64x.uasset" 167
"../../../Engine/Content/Tutorial/BlueprintTutorials/TutorialAssets/Tutorial_BP_Interface.uasset" 168
"../../../Engine/Content/Tutorial/Foliage/TutorialAssets/Foliage.uasset" 169
"../../../Engine/Content/Tutorial/Landscape/TutorialAssets/Landscape.uasset" 170
"../../../Engine/Content/Tutorial/Paper2D/TutorialAssets/Paper2DFlipbook_TutorialIcon.uasset" 171
"../../../Engine/Content/Tutorial/Paper2D/TutorialAssets/Paper2DSprite_TutorialIcon.uasset" 172
"../../../Engine/Content/Tutorial/SubEditors/TutorialAssets/icon_Editor_Preferences_General_40x.uasset" 173
"../../../Engine/Content/Tutorial/SubEditors/TutorialAssets/icon_ShowSkeletalMeshes_40x.uasset" 174
"../../../Engine/Content/Tutorial/SubEditors/TutorialAssets/TutorialMaterial.uasset" 175
"../../../Engine/Content/Tutorial/SubEditors/TutorialAssets/T_SmokeSubUV_8X8.uasset" 176
"../../../Engine/Content/Tutorial/SubEditors/TutorialAssets/T_soft_smoke.uasset" 177
"../../../Engine/Content/Tutorial/SubEditors/TutorialAssets/M_smoke_subUV_blackbody.uasset" 178
"../../../Engine/Content/Tutorial/SubEditors/TutorialAssets/TutorialParticleSystem.uasset" 179
"../../../Engine/Content/Tutorial/SubEditors/TutorialAssets/Tutorial_DM.uasset" 180
"../../../Engine/Content/EditorBlueprintResources/StandardMacros.uasset" 181
"../../../Engine/Content/EngineSky/C_Sky_Cloud_Color.uasset" 182
"../../../Engine/Content/EngineSky/C_Sky_Horizon_Color.uasset" 183
"../../../Engine/Content/EngineSky/C_Sky_Zenith_Color.uasset" 184
"../../../Engine/Content/EngineSky/T_Sky_Blue.uasset" 185
"../../../Engine/Content/EngineSky/T_Sky_Clouds_M.uasset" 186
"../../../Engine/Content/EngineSky/T_Sky_Stars.uasset" 187
"../../../Engine/Content/EngineSky/M_Sky_Panning_Clouds2.uasset" 188
"../../../Engine/Content/EngineSky/SM_SkySphere.uasset" 189
"../../../Engine/Content/EngineSky/BP_Sky_Sphere.uasset" 190
"../../../MrWiggles/Content/Materials/Mat_mrWiggle.uasset" 191
"../../../MrWiggles/Content/Blueprints/BP_MrWiggles.uasset" 192
"../../../MrWiggles/Content/Maps/Lvl_MikePielen.umap" 193
"../../../MrWiggles/Content/Blueprints/MrWiggles_BPI.uasset" 194
"../../../MrWiggles/Content/Materials/Mat_BaitBase.uasset" 195
"../../../MrWiggles/Content/Materials/Mat_BaitDraai.uasset" 196
"../../../MrWiggles/Content/Blueprints/CylinderWithGaps.uasset" 197
"../../../MrWiggles/Content/Blueprints/BP_Bait.uasset" 198
"../../../MrWiggles/Content/Materials/Mat_Loklampje.uasset" 199
"../../../MrWiggles/Content/Blueprints/BP_LokLampje.uasset" 200
"../../../MrWiggles/Content/Blueprints/BP_ScaleWall.uasset" 201
"../../../MrWiggles/Content/Blueprints/Box_ScaleWalls_01.uasset" 202
"../../../MrWiggles/Content/Blueprints/BP_RoomWithWalls.uasset" 203
"../../../MrWiggles/Content/ShooterGameSounds/AmbientLoops/Stereo/RoomTone_Abstract04_Stereo.uasset" 204
"../../../MrWiggles/Content/ShowdownVR_Audio/Ambient/Amb_SlowExt.uasset" 205
"../../../MrWiggles/Content/Maps/Layout.umap" 206
"../../../Engine/Content/EngineMaterials/DefaultNormal.uasset" 207
"../../../Engine/Content/Maps/Entry.umap" 208
"../../../Engine/Content/MapTemplates/SM_Template_Map_Floor.uasset" 209
"../../../Engine/Content/Maps/Templates/Template_Default.umap" 210
"../../../MrWiggles/Content/Maps/lvl_WesselPielemans.umap" 211
